The system is: Windows - 10.0.19045 - AMD64
Compiling the C compiler identification source file "CMakeCCompilerId.c" succeeded.
Compiler: C:/MinGW/bin/gcc.exe 
Build flags: 
Id flags:  

The output was:
0


Compilation of the C compiler identification source "CMakeCCompilerId.c" produced "a.exe"

The C compiler identification is GNU, found in "D:/Documentos/WSN/PracticasWSN/MQTT_Thingsboard/main/build/CMakeFiles/3.24.0/CompilerIdC/a.exe"

Compiling the CXX compiler identification source file "CMakeCXXCompilerId.cpp" succeeded.
Compiler: C:/MinGW/bin/c++.exe 
Build flags: 
Id flags:  

The output was:
0


Compilation of the CXX compiler identification source "CMakeCXXCompilerId.cpp" produced "a.exe"

The CXX compiler identification is GNU, found in "D:/Documentos/WSN/PracticasWSN/MQTT_Thingsboard/main/build/CMakeFiles/3.24.0/CompilerIdCXX/a.exe"

Determining if the C compiler works passed with the following output:
Change Dir: D:/Documentos/WSN/PracticasWSN/MQTT_Thingsboard/main/build/CMakeFiles/CMakeTmp

Run Build Command(s):C:/Users/Compustore/anaconda3/Library/bin/ninja.exe cmTC_e1fc3 && [1/2] Building C object CMakeFiles/cmTC_e1fc3.dir/testCCompiler.c.obj
[2/2] Linking C executable cmTC_e1fc3.exe



Determining if the CXX compiler works passed with the following output:
Change Dir: D:/Documentos/WSN/PracticasWSN/MQTT_Thingsboard/main/build/CMakeFiles/CMakeTmp

Run Build Command(s):C:/Users/Compustore/anaconda3/Library/bin/ninja.exe cmTC_779ef && [1/2] Building CXX object CMakeFiles/cmTC_779ef.dir/testCXXCompiler.cxx.obj
[2/2] Linking CXX executable cmTC_779ef.exe



